2014-11-06 11:52:39,992 [6] Orchard.Time.SiteTimeZoneSelector - Default - TimeZone could not be loaded
 http://localhost:8081/
System.TimeZoneNotFoundException: The time zone ID 'Kaliningrad Standard Time' was not found on the local computer.
   at System.TimeZoneInfo.FindSystemTimeZoneById(String id)
   at Orchard.Time.SiteTimeZoneSelector.GetTimeZone(HttpContextBase context) in z:\Builds\work\d1eb156ccc3cb14\src\Orchard\Time\SiteTimeZoneSelector.cs:line 29
2014-11-06 11:52:53,059 [6] Orchard.Time.SiteTimeZoneSelector - Default - TimeZone could not be loaded
 http://localhost:8081/products/hrm
System.TimeZoneNotFoundException: The time zone ID 'Kaliningrad Standard Time' was not found on the local computer.
   at System.TimeZoneInfo.FindSystemTimeZoneById(String id)
   at Orchard.Time.SiteTimeZoneSelector.GetTimeZone(HttpContextBase context) in z:\Builds\work\d1eb156ccc3cb14\src\Orchard\Time\SiteTimeZoneSelector.cs:line 29
2014-11-06 11:53:10,692 [8] Orchard.Time.SiteTimeZoneSelector - Default - TimeZone could not be loaded
 http://localhost:8081/products/b2b
System.TimeZoneNotFoundException: The time zone ID 'Kaliningrad Standard Time' was not found on the local computer.
   at System.TimeZoneInfo.FindSystemTimeZoneById(String id)
   at Orchard.Time.SiteTimeZoneSelector.GetTimeZone(HttpContextBase context) in z:\Builds\work\d1eb156ccc3cb14\src\Orchard\Time\SiteTimeZoneSelector.cs:line 29
2014-11-06 12:03:44,751 [6] Orchard.Time.SiteTimeZoneSelector - Default - TimeZone could not be loaded
 http://localhost:8081/
System.TimeZoneNotFoundException: The time zone ID 'Kaliningrad Standard Time' was not found on the local computer.
   at System.TimeZoneInfo.FindSystemTimeZoneById(String id)
   at Orchard.Time.SiteTimeZoneSelector.GetTimeZone(HttpContextBase context) in z:\Builds\work\d1eb156ccc3cb14\src\Orchard\Time\SiteTimeZoneSelector.cs:line 29
