2015-02-06 10:07:39,040 [10] Orchard.Time.SiteTimeZoneSelector - Default - TimeZone could not be loaded
 http://localhost:8081/
System.TimeZoneNotFoundException: The time zone ID 'Kaliningrad Standard Time' was not found on the local computer.
   at System.TimeZoneInfo.FindSystemTimeZoneById(String id)
   at Orchard.Time.SiteTimeZoneSelector.GetTimeZone(HttpContextBase context) in z:\Builds\work\d1eb156ccc3cb14\src\Orchard\Time\SiteTimeZoneSelector.cs:line 29
2015-02-06 10:57:56,001 [8] Orchard.Time.SiteTimeZoneSelector - Default - TimeZone could not be loaded
 http://localhost:8081/
System.TimeZoneNotFoundException: The time zone ID 'Kaliningrad Standard Time' was not found on the local computer.
   at System.TimeZoneInfo.FindSystemTimeZoneById(String id)
   at Orchard.Time.SiteTimeZoneSelector.GetTimeZone(HttpContextBase context) in z:\Builds\work\d1eb156ccc3cb14\src\Orchard\Time\SiteTimeZoneSelector.cs:line 29
2015-02-06 11:12:33,450 [3] Orchard.Time.SiteTimeZoneSelector - Default - TimeZone could not be loaded
 http://178.159.246.88:8081/
System.TimeZoneNotFoundException: The time zone ID 'Kaliningrad Standard Time' was not found on the local computer.
   at System.TimeZoneInfo.FindSystemTimeZoneById(String id)
   at Orchard.Time.SiteTimeZoneSelector.GetTimeZone(HttpContextBase context) in z:\Builds\work\d1eb156ccc3cb14\src\Orchard\Time\SiteTimeZoneSelector.cs:line 29
2015-02-06 11:15:36,486 [6] Orchard.Time.SiteTimeZoneSelector - Default - TimeZone could not be loaded
 http://178.159.246.88:8081/
System.TimeZoneNotFoundException: The time zone ID 'Kaliningrad Standard Time' was not found on the local computer.
   at System.TimeZoneInfo.FindSystemTimeZoneById(String id)
   at Orchard.Time.SiteTimeZoneSelector.GetTimeZone(HttpContextBase context) in z:\Builds\work\d1eb156ccc3cb14\src\Orchard\Time\SiteTimeZoneSelector.cs:line 29
2015-02-06 11:15:43,551 [6] Orchard.Time.SiteTimeZoneSelector - Default - TimeZone could not be loaded
 http://178.159.246.88:8081/
System.TimeZoneNotFoundException: The time zone ID 'Kaliningrad Standard Time' was not found on the local computer.
   at System.TimeZoneInfo.FindSystemTimeZoneById(String id)
   at Orchard.Time.SiteTimeZoneSelector.GetTimeZone(HttpContextBase context) in z:\Builds\work\d1eb156ccc3cb14\src\Orchard\Time\SiteTimeZoneSelector.cs:line 29
2015-02-06 11:15:52,043 [7] Orchard.Time.SiteTimeZoneSelector - Default - TimeZone could not be loaded
 http://178.159.246.88:8081/products/b2c
System.TimeZoneNotFoundException: The time zone ID 'Kaliningrad Standard Time' was not found on the local computer.
   at System.TimeZoneInfo.FindSystemTimeZoneById(String id)
   at Orchard.Time.SiteTimeZoneSelector.GetTimeZone(HttpContextBase context) in z:\Builds\work\d1eb156ccc3cb14\src\Orchard\Time\SiteTimeZoneSelector.cs:line 29
2015-02-06 11:15:52,840 [3] Orchard.Time.SiteTimeZoneSelector - Default - TimeZone could not be loaded
 http://178.159.246.88:8081/products/bi
System.TimeZoneNotFoundException: The time zone ID 'Kaliningrad Standard Time' was not found on the local computer.
   at System.TimeZoneInfo.FindSystemTimeZoneById(String id)
   at Orchard.Time.SiteTimeZoneSelector.GetTimeZone(HttpContextBase context) in z:\Builds\work\d1eb156ccc3cb14\src\Orchard\Time\SiteTimeZoneSelector.cs:line 29
2015-02-06 11:15:56,408 [7] Orchard.Time.SiteTimeZoneSelector - Default - TimeZone could not be loaded
 http://178.159.246.88:8081/products/b2b
System.TimeZoneNotFoundException: The time zone ID 'Kaliningrad Standard Time' was not found on the local computer.
   at System.TimeZoneInfo.FindSystemTimeZoneById(String id)
   at Orchard.Time.SiteTimeZoneSelector.GetTimeZone(HttpContextBase context) in z:\Builds\work\d1eb156ccc3cb14\src\Orchard\Time\SiteTimeZoneSelector.cs:line 29
2015-02-06 11:15:57,710 [6] Orchard.Time.SiteTimeZoneSelector - Default - TimeZone could not be loaded
 http://178.159.246.88:8081/products/hrm
System.TimeZoneNotFoundException: The time zone ID 'Kaliningrad Standard Time' was not found on the local computer.
   at System.TimeZoneInfo.FindSystemTimeZoneById(String id)
   at Orchard.Time.SiteTimeZoneSelector.GetTimeZone(HttpContextBase context) in z:\Builds\work\d1eb156ccc3cb14\src\Orchard\Time\SiteTimeZoneSelector.cs:line 29
2015-02-06 11:16:00,527 [3] Orchard.Time.SiteTimeZoneSelector - Default - TimeZone could not be loaded
 http://178.159.246.88:8081/about
System.TimeZoneNotFoundException: The time zone ID 'Kaliningrad Standard Time' was not found on the local computer.
   at System.TimeZoneInfo.FindSystemTimeZoneById(String id)
   at Orchard.Time.SiteTimeZoneSelector.GetTimeZone(HttpContextBase context) in z:\Builds\work\d1eb156ccc3cb14\src\Orchard\Time\SiteTimeZoneSelector.cs:line 29
2015-02-06 11:19:03,690 [17] Orchard.Time.SiteTimeZoneSelector - Default - TimeZone could not be loaded
 http://178.159.246.88:8081/
System.TimeZoneNotFoundException: The time zone ID 'Kaliningrad Standard Time' was not found on the local computer.
   at System.TimeZoneInfo.FindSystemTimeZoneById(String id)
   at Orchard.Time.SiteTimeZoneSelector.GetTimeZone(HttpContextBase context) in z:\Builds\work\d1eb156ccc3cb14\src\Orchard\Time\SiteTimeZoneSelector.cs:line 29
2015-02-06 11:21:01,260 [17] Orchard.Time.SiteTimeZoneSelector - Default - TimeZone could not be loaded
 http://localhost:8081/
System.TimeZoneNotFoundException: The time zone ID 'Kaliningrad Standard Time' was not found on the local computer.
   at System.TimeZoneInfo.FindSystemTimeZoneById(String id)
   at Orchard.Time.SiteTimeZoneSelector.GetTimeZone(HttpContextBase context) in z:\Builds\work\d1eb156ccc3cb14\src\Orchard\Time\SiteTimeZoneSelector.cs:line 29
2015-02-06 11:24:07,529 [17] Orchard.Time.SiteTimeZoneSelector - Default - TimeZone could not be loaded
 http://178.159.246.88:8081/
System.TimeZoneNotFoundException: The time zone ID 'Kaliningrad Standard Time' was not found on the local computer.
   at System.TimeZoneInfo.FindSystemTimeZoneById(String id)
   at Orchard.Time.SiteTimeZoneSelector.GetTimeZone(HttpContextBase context) in z:\Builds\work\d1eb156ccc3cb14\src\Orchard\Time\SiteTimeZoneSelector.cs:line 29
2015-02-06 11:26:15,297 [7] Orchard.Time.SiteTimeZoneSelector - Default - TimeZone could not be loaded
 http://178.159.246.88:8081/
System.TimeZoneNotFoundException: The time zone ID 'Kaliningrad Standard Time' was not found on the local computer.
   at System.TimeZoneInfo.FindSystemTimeZoneById(String id)
   at Orchard.Time.SiteTimeZoneSelector.GetTimeZone(HttpContextBase context) in z:\Builds\work\d1eb156ccc3cb14\src\Orchard\Time\SiteTimeZoneSelector.cs:line 29
2015-02-06 11:37:03,105 [10] Orchard.Time.SiteTimeZoneSelector - Default - TimeZone could not be loaded
 http://178.159.246.88:8081/Admin/Sunkist.FeaturedItemSlider/Items
System.TimeZoneNotFoundException: The time zone ID 'Kaliningrad Standard Time' was not found on the local computer.
   at System.TimeZoneInfo.FindSystemTimeZoneById(String id)
   at Orchard.Time.SiteTimeZoneSelector.GetTimeZone(HttpContextBase context) in z:\Builds\work\d1eb156ccc3cb14\src\Orchard\Time\SiteTimeZoneSelector.cs:line 29
2015-02-06 11:37:06,284 [10] Orchard.Time.SiteTimeZoneSelector - Default - TimeZone could not be loaded
 http://178.159.246.88:8081/Admin/Sunkist.FeaturedItemSlider/Items
System.TimeZoneNotFoundException: The time zone ID 'Kaliningrad Standard Time' was not found on the local computer.
   at System.TimeZoneInfo.FindSystemTimeZoneById(String id)
   at Orchard.Time.SiteTimeZoneSelector.GetTimeZone(HttpContextBase context) in z:\Builds\work\d1eb156ccc3cb14\src\Orchard\Time\SiteTimeZoneSelector.cs:line 29
2015-02-06 11:37:06,371 [10] Orchard.Time.SiteTimeZoneSelector - Default - TimeZone could not be loaded
 http://178.159.246.88:8081/Admin/Sunkist.FeaturedItemSlider/Items
System.TimeZoneNotFoundException: The time zone ID 'Kaliningrad Standard Time' was not found on the local computer.
   at System.TimeZoneInfo.FindSystemTimeZoneById(String id)
   at Orchard.Time.SiteTimeZoneSelector.GetTimeZone(HttpContextBase context) in z:\Builds\work\d1eb156ccc3cb14\src\Orchard\Time\SiteTimeZoneSelector.cs:line 29
2015-02-06 11:37:06,500 [10] Orchard.Time.SiteTimeZoneSelector - Default - TimeZone could not be loaded
 http://178.159.246.88:8081/Admin/Sunkist.FeaturedItemSlider/Items
System.TimeZoneNotFoundException: The time zone ID 'Kaliningrad Standard Time' was not found on the local computer.
   at System.TimeZoneInfo.FindSystemTimeZoneById(String id)
   at Orchard.Time.SiteTimeZoneSelector.GetTimeZone(HttpContextBase context) in z:\Builds\work\d1eb156ccc3cb14\src\Orchard\Time\SiteTimeZoneSelector.cs:line 29
2015-02-06 11:37:06,691 [10] Orchard.Time.SiteTimeZoneSelector - Default - TimeZone could not be loaded
 http://178.159.246.88:8081/Admin/Sunkist.FeaturedItemSlider/Items
System.TimeZoneNotFoundException: The time zone ID 'Kaliningrad Standard Time' was not found on the local computer.
   at System.TimeZoneInfo.FindSystemTimeZoneById(String id)
   at Orchard.Time.SiteTimeZoneSelector.GetTimeZone(HttpContextBase context) in z:\Builds\work\d1eb156ccc3cb14\src\Orchard\Time\SiteTimeZoneSelector.cs:line 29
2015-02-06 11:37:11,606 [10] Orchard.Time.SiteTimeZoneSelector - Default - TimeZone could not be loaded
 http://178.159.246.88:8081/Admin/Contents/List
System.TimeZoneNotFoundException: The time zone ID 'Kaliningrad Standard Time' was not found on the local computer.
   at System.TimeZoneInfo.FindSystemTimeZoneById(String id)
   at Orchard.Time.SiteTimeZoneSelector.GetTimeZone(HttpContextBase context) in z:\Builds\work\d1eb156ccc3cb14\src\Orchard\Time\SiteTimeZoneSelector.cs:line 29
2015-02-06 11:37:11,648 [10] Orchard.Time.SiteTimeZoneSelector - Default - TimeZone could not be loaded
 http://178.159.246.88:8081/Admin/Contents/List
System.TimeZoneNotFoundException: The time zone ID 'Kaliningrad Standard Time' was not found on the local computer.
   at System.TimeZoneInfo.FindSystemTimeZoneById(String id)
   at Orchard.Time.SiteTimeZoneSelector.GetTimeZone(HttpContextBase context) in z:\Builds\work\d1eb156ccc3cb14\src\Orchard\Time\SiteTimeZoneSelector.cs:line 29
2015-02-06 11:37:11,662 [10] Orchard.Time.SiteTimeZoneSelector - Default - TimeZone could not be loaded
 http://178.159.246.88:8081/Admin/Contents/List
System.TimeZoneNotFoundException: The time zone ID 'Kaliningrad Standard Time' was not found on the local computer.
   at System.TimeZoneInfo.FindSystemTimeZoneById(String id)
   at Orchard.Time.SiteTimeZoneSelector.GetTimeZone(HttpContextBase context) in z:\Builds\work\d1eb156ccc3cb14\src\Orchard\Time\SiteTimeZoneSelector.cs:line 29
2015-02-06 11:37:11,674 [10] Orchard.Time.SiteTimeZoneSelector - Default - TimeZone could not be loaded
 http://178.159.246.88:8081/Admin/Contents/List
System.TimeZoneNotFoundException: The time zone ID 'Kaliningrad Standard Time' was not found on the local computer.
   at System.TimeZoneInfo.FindSystemTimeZoneById(String id)
   at Orchard.Time.SiteTimeZoneSelector.GetTimeZone(HttpContextBase context) in z:\Builds\work\d1eb156ccc3cb14\src\Orchard\Time\SiteTimeZoneSelector.cs:line 29
2015-02-06 11:37:11,681 [10] Orchard.Time.SiteTimeZoneSelector - Default - TimeZone could not be loaded
 http://178.159.246.88:8081/Admin/Contents/List
System.TimeZoneNotFoundException: The time zone ID 'Kaliningrad Standard Time' was not found on the local computer.
   at System.TimeZoneInfo.FindSystemTimeZoneById(String id)
   at Orchard.Time.SiteTimeZoneSelector.GetTimeZone(HttpContextBase context) in z:\Builds\work\d1eb156ccc3cb14\src\Orchard\Time\SiteTimeZoneSelector.cs:line 29
2015-02-06 11:37:11,688 [10] Orchard.Time.SiteTimeZoneSelector - Default - TimeZone could not be loaded
 http://178.159.246.88:8081/Admin/Contents/List
System.TimeZoneNotFoundException: The time zone ID 'Kaliningrad Standard Time' was not found on the local computer.
   at System.TimeZoneInfo.FindSystemTimeZoneById(String id)
   at Orchard.Time.SiteTimeZoneSelector.GetTimeZone(HttpContextBase context) in z:\Builds\work\d1eb156ccc3cb14\src\Orchard\Time\SiteTimeZoneSelector.cs:line 29
2015-02-06 11:37:11,690 [10] Orchard.Time.SiteTimeZoneSelector - Default - TimeZone could not be loaded
 http://178.159.246.88:8081/Admin/Contents/List
System.TimeZoneNotFoundException: The time zone ID 'Kaliningrad Standard Time' was not found on the local computer.
   at System.TimeZoneInfo.FindSystemTimeZoneById(String id)
   at Orchard.Time.SiteTimeZoneSelector.GetTimeZone(HttpContextBase context) in z:\Builds\work\d1eb156ccc3cb14\src\Orchard\Time\SiteTimeZoneSelector.cs:line 29
2015-02-06 11:37:11,696 [10] Orchard.Time.SiteTimeZoneSelector - Default - TimeZone could not be loaded
 http://178.159.246.88:8081/Admin/Contents/List
System.TimeZoneNotFoundException: The time zone ID 'Kaliningrad Standard Time' was not found on the local computer.
   at System.TimeZoneInfo.FindSystemTimeZoneById(String id)
   at Orchard.Time.SiteTimeZoneSelector.GetTimeZone(HttpContextBase context) in z:\Builds\work\d1eb156ccc3cb14\src\Orchard\Time\SiteTimeZoneSelector.cs:line 29
2015-02-06 11:37:11,697 [10] Orchard.Time.SiteTimeZoneSelector - Default - TimeZone could not be loaded
 http://178.159.246.88:8081/Admin/Contents/List
System.TimeZoneNotFoundException: The time zone ID 'Kaliningrad Standard Time' was not found on the local computer.
   at System.TimeZoneInfo.FindSystemTimeZoneById(String id)
   at Orchard.Time.SiteTimeZoneSelector.GetTimeZone(HttpContextBase context) in z:\Builds\work\d1eb156ccc3cb14\src\Orchard\Time\SiteTimeZoneSelector.cs:line 29
2015-02-06 11:37:11,713 [10] Orchard.Time.SiteTimeZoneSelector - Default - TimeZone could not be loaded
 http://178.159.246.88:8081/Admin/Contents/List
System.TimeZoneNotFoundException: The time zone ID 'Kaliningrad Standard Time' was not found on the local computer.
   at System.TimeZoneInfo.FindSystemTimeZoneById(String id)
   at Orchard.Time.SiteTimeZoneSelector.GetTimeZone(HttpContextBase context) in z:\Builds\work\d1eb156ccc3cb14\src\Orchard\Time\SiteTimeZoneSelector.cs:line 29
2015-02-06 11:38:13,354 [10] Orchard.Time.SiteTimeZoneSelector - Default - TimeZone could not be loaded
 http://178.159.246.88:8081/Admin/Contents/List
System.TimeZoneNotFoundException: The time zone ID 'Kaliningrad Standard Time' was not found on the local computer.
   at System.TimeZoneInfo.FindSystemTimeZoneById(String id)
   at Orchard.Time.SiteTimeZoneSelector.GetTimeZone(HttpContextBase context) in z:\Builds\work\d1eb156ccc3cb14\src\Orchard\Time\SiteTimeZoneSelector.cs:line 29
2015-02-06 11:38:13,370 [10] Orchard.Time.SiteTimeZoneSelector - Default - TimeZone could not be loaded
 http://178.159.246.88:8081/Admin/Contents/List
System.TimeZoneNotFoundException: The time zone ID 'Kaliningrad Standard Time' was not found on the local computer.
   at System.TimeZoneInfo.FindSystemTimeZoneById(String id)
   at Orchard.Time.SiteTimeZoneSelector.GetTimeZone(HttpContextBase context) in z:\Builds\work\d1eb156ccc3cb14\src\Orchard\Time\SiteTimeZoneSelector.cs:line 29
2015-02-06 11:38:13,383 [10] Orchard.Time.SiteTimeZoneSelector - Default - TimeZone could not be loaded
 http://178.159.246.88:8081/Admin/Contents/List
System.TimeZoneNotFoundException: The time zone ID 'Kaliningrad Standard Time' was not found on the local computer.
   at System.TimeZoneInfo.FindSystemTimeZoneById(String id)
   at Orchard.Time.SiteTimeZoneSelector.GetTimeZone(HttpContextBase context) in z:\Builds\work\d1eb156ccc3cb14\src\Orchard\Time\SiteTimeZoneSelector.cs:line 29
2015-02-06 11:38:13,395 [10] Orchard.Time.SiteTimeZoneSelector - Default - TimeZone could not be loaded
 http://178.159.246.88:8081/Admin/Contents/List
System.TimeZoneNotFoundException: The time zone ID 'Kaliningrad Standard Time' was not found on the local computer.
   at System.TimeZoneInfo.FindSystemTimeZoneById(String id)
   at Orchard.Time.SiteTimeZoneSelector.GetTimeZone(HttpContextBase context) in z:\Builds\work\d1eb156ccc3cb14\src\Orchard\Time\SiteTimeZoneSelector.cs:line 29
2015-02-06 11:38:13,396 [10] Orchard.Time.SiteTimeZoneSelector - Default - TimeZone could not be loaded
 http://178.159.246.88:8081/Admin/Contents/List
System.TimeZoneNotFoundException: The time zone ID 'Kaliningrad Standard Time' was not found on the local computer.
   at System.TimeZoneInfo.FindSystemTimeZoneById(String id)
   at Orchard.Time.SiteTimeZoneSelector.GetTimeZone(HttpContextBase context) in z:\Builds\work\d1eb156ccc3cb14\src\Orchard\Time\SiteTimeZoneSelector.cs:line 29
2015-02-06 11:38:13,403 [10] Orchard.Time.SiteTimeZoneSelector - Default - TimeZone could not be loaded
 http://178.159.246.88:8081/Admin/Contents/List
System.TimeZoneNotFoundException: The time zone ID 'Kaliningrad Standard Time' was not found on the local computer.
   at System.TimeZoneInfo.FindSystemTimeZoneById(String id)
   at Orchard.Time.SiteTimeZoneSelector.GetTimeZone(HttpContextBase context) in z:\Builds\work\d1eb156ccc3cb14\src\Orchard\Time\SiteTimeZoneSelector.cs:line 29
2015-02-06 11:38:13,405 [10] Orchard.Time.SiteTimeZoneSelector - Default - TimeZone could not be loaded
 http://178.159.246.88:8081/Admin/Contents/List
System.TimeZoneNotFoundException: The time zone ID 'Kaliningrad Standard Time' was not found on the local computer.
   at System.TimeZoneInfo.FindSystemTimeZoneById(String id)
   at Orchard.Time.SiteTimeZoneSelector.GetTimeZone(HttpContextBase context) in z:\Builds\work\d1eb156ccc3cb14\src\Orchard\Time\SiteTimeZoneSelector.cs:line 29
2015-02-06 11:38:13,411 [10] Orchard.Time.SiteTimeZoneSelector - Default - TimeZone could not be loaded
 http://178.159.246.88:8081/Admin/Contents/List
System.TimeZoneNotFoundException: The time zone ID 'Kaliningrad Standard Time' was not found on the local computer.
   at System.TimeZoneInfo.FindSystemTimeZoneById(String id)
   at Orchard.Time.SiteTimeZoneSelector.GetTimeZone(HttpContextBase context) in z:\Builds\work\d1eb156ccc3cb14\src\Orchard\Time\SiteTimeZoneSelector.cs:line 29
2015-02-06 11:38:13,412 [10] Orchard.Time.SiteTimeZoneSelector - Default - TimeZone could not be loaded
 http://178.159.246.88:8081/Admin/Contents/List
System.TimeZoneNotFoundException: The time zone ID 'Kaliningrad Standard Time' was not found on the local computer.
   at System.TimeZoneInfo.FindSystemTimeZoneById(String id)
   at Orchard.Time.SiteTimeZoneSelector.GetTimeZone(HttpContextBase context) in z:\Builds\work\d1eb156ccc3cb14\src\Orchard\Time\SiteTimeZoneSelector.cs:line 29
2015-02-06 11:38:13,425 [10] Orchard.Time.SiteTimeZoneSelector - Default - TimeZone could not be loaded
 http://178.159.246.88:8081/Admin/Contents/List
System.TimeZoneNotFoundException: The time zone ID 'Kaliningrad Standard Time' was not found on the local computer.
   at System.TimeZoneInfo.FindSystemTimeZoneById(String id)
   at Orchard.Time.SiteTimeZoneSelector.GetTimeZone(HttpContextBase context) in z:\Builds\work\d1eb156ccc3cb14\src\Orchard\Time\SiteTimeZoneSelector.cs:line 29
2015-02-06 12:12:01,878 [6] Orchard.Time.SiteTimeZoneSelector - Default - TimeZone could not be loaded
 http://www.google.com:8081/
System.TimeZoneNotFoundException: The time zone ID 'Kaliningrad Standard Time' was not found on the local computer.
   at System.TimeZoneInfo.FindSystemTimeZoneById(String id)
   at Orchard.Time.SiteTimeZoneSelector.GetTimeZone(HttpContextBase context) in z:\Builds\work\d1eb156ccc3cb14\src\Orchard\Time\SiteTimeZoneSelector.cs:line 29
2015-02-06 12:27:22,137 [13] Orchard.Time.SiteTimeZoneSelector - Default - TimeZone could not be loaded
 http://178.159.246.88:8081/
System.TimeZoneNotFoundException: The time zone ID 'Kaliningrad Standard Time' was not found on the local computer.
   at System.TimeZoneInfo.FindSystemTimeZoneById(String id)
   at Orchard.Time.SiteTimeZoneSelector.GetTimeZone(HttpContextBase context) in z:\Builds\work\d1eb156ccc3cb14\src\Orchard\Time\SiteTimeZoneSelector.cs:line 29
2015-02-06 12:27:31,417 [12] Orchard.Time.SiteTimeZoneSelector - Default - TimeZone could not be loaded
 http://178.159.246.88:8081/
System.TimeZoneNotFoundException: The time zone ID 'Kaliningrad Standard Time' was not found on the local computer.
   at System.TimeZoneInfo.FindSystemTimeZoneById(String id)
   at Orchard.Time.SiteTimeZoneSelector.GetTimeZone(HttpContextBase context) in z:\Builds\work\d1eb156ccc3cb14\src\Orchard\Time\SiteTimeZoneSelector.cs:line 29
2015-02-06 17:36:30,937 [6] Orchard.Time.SiteTimeZoneSelector - Default - TimeZone could not be loaded
 http://www.ipos.by/
System.TimeZoneNotFoundException: The time zone ID 'Kaliningrad Standard Time' was not found on the local computer.
   at System.TimeZoneInfo.FindSystemTimeZoneById(String id)
   at Orchard.Time.SiteTimeZoneSelector.GetTimeZone(HttpContextBase context) in z:\Builds\work\d1eb156ccc3cb14\src\Orchard\Time\SiteTimeZoneSelector.cs:line 29
2015-02-06 17:37:06,052 [6] Orchard.Time.SiteTimeZoneSelector - Default - TimeZone could not be loaded
 http://ipos.by/
System.TimeZoneNotFoundException: The time zone ID 'Kaliningrad Standard Time' was not found on the local computer.
   at System.TimeZoneInfo.FindSystemTimeZoneById(String id)
   at Orchard.Time.SiteTimeZoneSelector.GetTimeZone(HttpContextBase context) in z:\Builds\work\d1eb156ccc3cb14\src\Orchard\Time\SiteTimeZoneSelector.cs:line 29
2015-02-06 17:37:10,263 [6] Orchard.Time.SiteTimeZoneSelector - Default - TimeZone could not be loaded
 http://ipos.by/products/bi
System.TimeZoneNotFoundException: The time zone ID 'Kaliningrad Standard Time' was not found on the local computer.
   at System.TimeZoneInfo.FindSystemTimeZoneById(String id)
   at Orchard.Time.SiteTimeZoneSelector.GetTimeZone(HttpContextBase context) in z:\Builds\work\d1eb156ccc3cb14\src\Orchard\Time\SiteTimeZoneSelector.cs:line 29
2015-02-06 17:38:45,425 [6] Orchard.Time.SiteTimeZoneSelector - Default - TimeZone could not be loaded
 http://www.ipos.by/
System.TimeZoneNotFoundException: The time zone ID 'Kaliningrad Standard Time' was not found on the local computer.
   at System.TimeZoneInfo.FindSystemTimeZoneById(String id)
   at Orchard.Time.SiteTimeZoneSelector.GetTimeZone(HttpContextBase context) in z:\Builds\work\d1eb156ccc3cb14\src\Orchard\Time\SiteTimeZoneSelector.cs:line 29
2015-02-06 17:39:14,953 [8] Orchard.Time.SiteTimeZoneSelector - Default - TimeZone could not be loaded
 http://www.ipos.by/
System.TimeZoneNotFoundException: The time zone ID 'Kaliningrad Standard Time' was not found on the local computer.
   at System.TimeZoneInfo.FindSystemTimeZoneById(String id)
   at Orchard.Time.SiteTimeZoneSelector.GetTimeZone(HttpContextBase context) in z:\Builds\work\d1eb156ccc3cb14\src\Orchard\Time\SiteTimeZoneSelector.cs:line 29
2015-02-06 17:39:56,222 [7] Orchard.Time.SiteTimeZoneSelector - Default - TimeZone could not be loaded
 http://ipos.by/products/hrm
System.TimeZoneNotFoundException: The time zone ID 'Kaliningrad Standard Time' was not found on the local computer.
   at System.TimeZoneInfo.FindSystemTimeZoneById(String id)
   at Orchard.Time.SiteTimeZoneSelector.GetTimeZone(HttpContextBase context) in z:\Builds\work\d1eb156ccc3cb14\src\Orchard\Time\SiteTimeZoneSelector.cs:line 29
2015-02-06 17:39:57,629 [6] Orchard.Time.SiteTimeZoneSelector - Default - TimeZone could not be loaded
 http://ipos.by/products/b2b
System.TimeZoneNotFoundException: The time zone ID 'Kaliningrad Standard Time' was not found on the local computer.
   at System.TimeZoneInfo.FindSystemTimeZoneById(String id)
   at Orchard.Time.SiteTimeZoneSelector.GetTimeZone(HttpContextBase context) in z:\Builds\work\d1eb156ccc3cb14\src\Orchard\Time\SiteTimeZoneSelector.cs:line 29
2015-02-06 17:39:58,767 [13] Orchard.Time.SiteTimeZoneSelector - Default - TimeZone could not be loaded
 http://ipos.by/products/bi
System.TimeZoneNotFoundException: The time zone ID 'Kaliningrad Standard Time' was not found on the local computer.
   at System.TimeZoneInfo.FindSystemTimeZoneById(String id)
   at Orchard.Time.SiteTimeZoneSelector.GetTimeZone(HttpContextBase context) in z:\Builds\work\d1eb156ccc3cb14\src\Orchard\Time\SiteTimeZoneSelector.cs:line 29
2015-02-06 17:40:01,133 [7] Orchard.Time.SiteTimeZoneSelector - Default - TimeZone could not be loaded
 http://ipos.by/about
System.TimeZoneNotFoundException: The time zone ID 'Kaliningrad Standard Time' was not found on the local computer.
   at System.TimeZoneInfo.FindSystemTimeZoneById(String id)
   at Orchard.Time.SiteTimeZoneSelector.GetTimeZone(HttpContextBase context) in z:\Builds\work\d1eb156ccc3cb14\src\Orchard\Time\SiteTimeZoneSelector.cs:line 29
2015-02-06 17:40:04,339 [7] Orchard.Time.SiteTimeZoneSelector - Default - TimeZone could not be loaded
 http://ipos.by/clients
System.TimeZoneNotFoundException: The time zone ID 'Kaliningrad Standard Time' was not found on the local computer.
   at System.TimeZoneInfo.FindSystemTimeZoneById(String id)
   at Orchard.Time.SiteTimeZoneSelector.GetTimeZone(HttpContextBase context) in z:\Builds\work\d1eb156ccc3cb14\src\Orchard\Time\SiteTimeZoneSelector.cs:line 29
2015-02-06 17:41:08,873 [8] Orchard.Time.SiteTimeZoneSelector - Default - TimeZone could not be loaded
 http://ipos.by/products/b2c
System.TimeZoneNotFoundException: The time zone ID 'Kaliningrad Standard Time' was not found on the local computer.
   at System.TimeZoneInfo.FindSystemTimeZoneById(String id)
   at Orchard.Time.SiteTimeZoneSelector.GetTimeZone(HttpContextBase context) in z:\Builds\work\d1eb156ccc3cb14\src\Orchard\Time\SiteTimeZoneSelector.cs:line 29
2015-02-06 17:43:03,191 [12] Orchard.Time.SiteTimeZoneSelector - Default - TimeZone could not be loaded
 http://www.ipos.by/
System.TimeZoneNotFoundException: The time zone ID 'Kaliningrad Standard Time' was not found on the local computer.
   at System.TimeZoneInfo.FindSystemTimeZoneById(String id)
   at Orchard.Time.SiteTimeZoneSelector.GetTimeZone(HttpContextBase context) in z:\Builds\work\d1eb156ccc3cb14\src\Orchard\Time\SiteTimeZoneSelector.cs:line 29
2015-02-06 17:44:38,999 [11] Orchard.Time.SiteTimeZoneSelector - Default - TimeZone could not be loaded
 http://ipos.by/
System.TimeZoneNotFoundException: The time zone ID 'Kaliningrad Standard Time' was not found on the local computer.
   at System.TimeZoneInfo.FindSystemTimeZoneById(String id)
   at Orchard.Time.SiteTimeZoneSelector.GetTimeZone(HttpContextBase context) in z:\Builds\work\d1eb156ccc3cb14\src\Orchard\Time\SiteTimeZoneSelector.cs:line 29
2015-02-06 17:44:59,662 [8] Orchard.Time.SiteTimeZoneSelector - Default - TimeZone could not be loaded
 http://ipos.by/products/hrm
System.TimeZoneNotFoundException: The time zone ID 'Kaliningrad Standard Time' was not found on the local computer.
   at System.TimeZoneInfo.FindSystemTimeZoneById(String id)
   at Orchard.Time.SiteTimeZoneSelector.GetTimeZone(HttpContextBase context) in z:\Builds\work\d1eb156ccc3cb14\src\Orchard\Time\SiteTimeZoneSelector.cs:line 29
2015-02-06 17:45:04,619 [8] Orchard.Time.SiteTimeZoneSelector - Default - TimeZone could not be loaded
 http://ipos.by/products/b2b
System.TimeZoneNotFoundException: The time zone ID 'Kaliningrad Standard Time' was not found on the local computer.
   at System.TimeZoneInfo.FindSystemTimeZoneById(String id)
   at Orchard.Time.SiteTimeZoneSelector.GetTimeZone(HttpContextBase context) in z:\Builds\work\d1eb156ccc3cb14\src\Orchard\Time\SiteTimeZoneSelector.cs:line 29
2015-02-06 17:45:11,141 [8] Orchard.Time.SiteTimeZoneSelector - Default - TimeZone could not be loaded
 http://ipos.by/about
System.TimeZoneNotFoundException: The time zone ID 'Kaliningrad Standard Time' was not found on the local computer.
   at System.TimeZoneInfo.FindSystemTimeZoneById(String id)
   at Orchard.Time.SiteTimeZoneSelector.GetTimeZone(HttpContextBase context) in z:\Builds\work\d1eb156ccc3cb14\src\Orchard\Time\SiteTimeZoneSelector.cs:line 29
2015-02-06 17:45:17,842 [3] Orchard.Time.SiteTimeZoneSelector - Default - TimeZone could not be loaded
 http://ipos.by/clients
System.TimeZoneNotFoundException: The time zone ID 'Kaliningrad Standard Time' was not found on the local computer.
   at System.TimeZoneInfo.FindSystemTimeZoneById(String id)
   at Orchard.Time.SiteTimeZoneSelector.GetTimeZone(HttpContextBase context) in z:\Builds\work\d1eb156ccc3cb14\src\Orchard\Time\SiteTimeZoneSelector.cs:line 29
2015-02-06 17:45:41,379 [3] Orchard.Time.SiteTimeZoneSelector - Default - TimeZone could not be loaded
 http://ipos.by/products/bi
System.TimeZoneNotFoundException: The time zone ID 'Kaliningrad Standard Time' was not found on the local computer.
   at System.TimeZoneInfo.FindSystemTimeZoneById(String id)
   at Orchard.Time.SiteTimeZoneSelector.GetTimeZone(HttpContextBase context) in z:\Builds\work\d1eb156ccc3cb14\src\Orchard\Time\SiteTimeZoneSelector.cs:line 29
2015-02-06 17:50:37,314 [18] Orchard.Time.SiteTimeZoneSelector - Default - TimeZone could not be loaded
 http://ipos.by/
System.TimeZoneNotFoundException: The time zone ID 'Kaliningrad Standard Time' was not found on the local computer.
   at System.TimeZoneInfo.FindSystemTimeZoneById(String id)
   at Orchard.Time.SiteTimeZoneSelector.GetTimeZone(HttpContextBase context) in z:\Builds\work\d1eb156ccc3cb14\src\Orchard\Time\SiteTimeZoneSelector.cs:line 29
2015-02-06 17:50:41,595 [8] Orchard.Time.SiteTimeZoneSelector - Default - TimeZone could not be loaded
 http://ipos.by/products/bi
System.TimeZoneNotFoundException: The time zone ID 'Kaliningrad Standard Time' was not found on the local computer.
   at System.TimeZoneInfo.FindSystemTimeZoneById(String id)
   at Orchard.Time.SiteTimeZoneSelector.GetTimeZone(HttpContextBase context) in z:\Builds\work\d1eb156ccc3cb14\src\Orchard\Time\SiteTimeZoneSelector.cs:line 29
2015-02-06 17:51:10,525 [14] Orchard.Time.SiteTimeZoneSelector - Default - TimeZone could not be loaded
 http://ipos.by/products/b2c
System.TimeZoneNotFoundException: The time zone ID 'Kaliningrad Standard Time' was not found on the local computer.
   at System.TimeZoneInfo.FindSystemTimeZoneById(String id)
   at Orchard.Time.SiteTimeZoneSelector.GetTimeZone(HttpContextBase context) in z:\Builds\work\d1eb156ccc3cb14\src\Orchard\Time\SiteTimeZoneSelector.cs:line 29
2015-02-06 19:25:09,235 [3] Orchard.Time.SiteTimeZoneSelector - Default - TimeZone could not be loaded
 http://www.ipos.by/
System.TimeZoneNotFoundException: The time zone ID 'Kaliningrad Standard Time' was not found on the local computer.
   at System.TimeZoneInfo.FindSystemTimeZoneById(String id)
   at Orchard.Time.SiteTimeZoneSelector.GetTimeZone(HttpContextBase context) in z:\Builds\work\d1eb156ccc3cb14\src\Orchard\Time\SiteTimeZoneSelector.cs:line 29
2015-02-06 19:33:25,815 [3] Orchard.Time.SiteTimeZoneSelector - Default - TimeZone could not be loaded
 http://www.ipos.by/about
System.TimeZoneNotFoundException: The time zone ID 'Kaliningrad Standard Time' was not found on the local computer.
   at System.TimeZoneInfo.FindSystemTimeZoneById(String id)
   at Orchard.Time.SiteTimeZoneSelector.GetTimeZone(HttpContextBase context) in z:\Builds\work\d1eb156ccc3cb14\src\Orchard\Time\SiteTimeZoneSelector.cs:line 29
2015-02-06 19:39:34,685 [7] Orchard.Time.SiteTimeZoneSelector - Default - TimeZone could not be loaded
 http://www.ipos.by/clients
System.TimeZoneNotFoundException: The time zone ID 'Kaliningrad Standard Time' was not found on the local computer.
   at System.TimeZoneInfo.FindSystemTimeZoneById(String id)
   at Orchard.Time.SiteTimeZoneSelector.GetTimeZone(HttpContextBase context) in z:\Builds\work\d1eb156ccc3cb14\src\Orchard\Time\SiteTimeZoneSelector.cs:line 29
2015-02-06 19:40:38,646 [3] Orchard.Time.SiteTimeZoneSelector - Default - TimeZone could not be loaded
 http://ipos.by/
System.TimeZoneNotFoundException: The time zone ID 'Kaliningrad Standard Time' was not found on the local computer.
   at System.TimeZoneInfo.FindSystemTimeZoneById(String id)
   at Orchard.Time.SiteTimeZoneSelector.GetTimeZone(HttpContextBase context) in z:\Builds\work\d1eb156ccc3cb14\src\Orchard\Time\SiteTimeZoneSelector.cs:line 29
2015-02-06 20:21:45,525 [6] Orchard.Time.SiteTimeZoneSelector - Default - TimeZone could not be loaded
 http://ipos.by/
System.TimeZoneNotFoundException: The time zone ID 'Kaliningrad Standard Time' was not found on the local computer.
   at System.TimeZoneInfo.FindSystemTimeZoneById(String id)
   at Orchard.Time.SiteTimeZoneSelector.GetTimeZone(HttpContextBase context) in z:\Builds\work\d1eb156ccc3cb14\src\Orchard\Time\SiteTimeZoneSelector.cs:line 29
2015-02-06 20:22:19,301 [8] Orchard.Time.SiteTimeZoneSelector - Default - TimeZone could not be loaded
 http://ipos.by/products/bi
System.TimeZoneNotFoundException: The time zone ID 'Kaliningrad Standard Time' was not found on the local computer.
   at System.TimeZoneInfo.FindSystemTimeZoneById(String id)
   at Orchard.Time.SiteTimeZoneSelector.GetTimeZone(HttpContextBase context) in z:\Builds\work\d1eb156ccc3cb14\src\Orchard\Time\SiteTimeZoneSelector.cs:line 29
2015-02-06 20:22:22,156 [6] Orchard.Time.SiteTimeZoneSelector - Default - TimeZone could not be loaded
 http://ipos.by/products/hrm
System.TimeZoneNotFoundException: The time zone ID 'Kaliningrad Standard Time' was not found on the local computer.
   at System.TimeZoneInfo.FindSystemTimeZoneById(String id)
   at Orchard.Time.SiteTimeZoneSelector.GetTimeZone(HttpContextBase context) in z:\Builds\work\d1eb156ccc3cb14\src\Orchard\Time\SiteTimeZoneSelector.cs:line 29
2015-02-06 20:22:26,951 [6] Orchard.Time.SiteTimeZoneSelector - Default - TimeZone could not be loaded
 http://ipos.by/products/b2b
System.TimeZoneNotFoundException: The time zone ID 'Kaliningrad Standard Time' was not found on the local computer.
   at System.TimeZoneInfo.FindSystemTimeZoneById(String id)
   at Orchard.Time.SiteTimeZoneSelector.GetTimeZone(HttpContextBase context) in z:\Builds\work\d1eb156ccc3cb14\src\Orchard\Time\SiteTimeZoneSelector.cs:line 29
2015-02-06 20:22:28,415 [8] Orchard.Time.SiteTimeZoneSelector - Default - TimeZone could not be loaded
 http://ipos.by/products/b2c
System.TimeZoneNotFoundException: The time zone ID 'Kaliningrad Standard Time' was not found on the local computer.
   at System.TimeZoneInfo.FindSystemTimeZoneById(String id)
   at Orchard.Time.SiteTimeZoneSelector.GetTimeZone(HttpContextBase context) in z:\Builds\work\d1eb156ccc3cb14\src\Orchard\Time\SiteTimeZoneSelector.cs:line 29
2015-02-06 20:36:31,767 [11] Orchard.Time.SiteTimeZoneSelector - Default - TimeZone could not be loaded
 http://ipos.by/
System.TimeZoneNotFoundException: The time zone ID 'Kaliningrad Standard Time' was not found on the local computer.
   at System.TimeZoneInfo.FindSystemTimeZoneById(String id)
   at Orchard.Time.SiteTimeZoneSelector.GetTimeZone(HttpContextBase context) in z:\Builds\work\d1eb156ccc3cb14\src\Orchard\Time\SiteTimeZoneSelector.cs:line 29
2015-02-06 20:36:33,858 [8] Orchard.Time.SiteTimeZoneSelector - Default - TimeZone could not be loaded
 http://ipos.by/about
System.TimeZoneNotFoundException: The time zone ID 'Kaliningrad Standard Time' was not found on the local computer.
   at System.TimeZoneInfo.FindSystemTimeZoneById(String id)
   at Orchard.Time.SiteTimeZoneSelector.GetTimeZone(HttpContextBase context) in z:\Builds\work\d1eb156ccc3cb14\src\Orchard\Time\SiteTimeZoneSelector.cs:line 29
2015-02-06 20:36:34,238 [11] Orchard.Time.SiteTimeZoneSelector - Default - TimeZone could not be loaded
 http://ipos.by/products/bi
System.TimeZoneNotFoundException: The time zone ID 'Kaliningrad Standard Time' was not found on the local computer.
   at System.TimeZoneInfo.FindSystemTimeZoneById(String id)
   at Orchard.Time.SiteTimeZoneSelector.GetTimeZone(HttpContextBase context) in z:\Builds\work\d1eb156ccc3cb14\src\Orchard\Time\SiteTimeZoneSelector.cs:line 29
2015-02-06 21:04:01,595 [8] Orchard.Time.SiteTimeZoneSelector - Default - TimeZone could not be loaded
 http://www.ipos.by/
System.TimeZoneNotFoundException: The time zone ID 'Kaliningrad Standard Time' was not found on the local computer.
   at System.TimeZoneInfo.FindSystemTimeZoneById(String id)
   at Orchard.Time.SiteTimeZoneSelector.GetTimeZone(HttpContextBase context) in z:\Builds\work\d1eb156ccc3cb14\src\Orchard\Time\SiteTimeZoneSelector.cs:line 29
2015-02-06 22:13:19,785 [7] Orchard.Time.SiteTimeZoneSelector - Default - TimeZone could not be loaded
 http://ipos.by/
System.TimeZoneNotFoundException: The time zone ID 'Kaliningrad Standard Time' was not found on the local computer.
   at System.TimeZoneInfo.FindSystemTimeZoneById(String id)
   at Orchard.Time.SiteTimeZoneSelector.GetTimeZone(HttpContextBase context) in z:\Builds\work\d1eb156ccc3cb14\src\Orchard\Time\SiteTimeZoneSelector.cs:line 29
2015-02-06 22:29:20,923 [8] Orchard.Time.SiteTimeZoneSelector - Default - TimeZone could not be loaded
 http://ipos.by/
System.TimeZoneNotFoundException: The time zone ID 'Kaliningrad Standard Time' was not found on the local computer.
   at System.TimeZoneInfo.FindSystemTimeZoneById(String id)
   at Orchard.Time.SiteTimeZoneSelector.GetTimeZone(HttpContextBase context) in z:\Builds\work\d1eb156ccc3cb14\src\Orchard\Time\SiteTimeZoneSelector.cs:line 29
2015-02-06 22:29:56,265 [6] Orchard.Time.SiteTimeZoneSelector - Default - TimeZone could not be loaded
 http://ipos.by/products/b2c
System.TimeZoneNotFoundException: The time zone ID 'Kaliningrad Standard Time' was not found on the local computer.
   at System.TimeZoneInfo.FindSystemTimeZoneById(String id)
   at Orchard.Time.SiteTimeZoneSelector.GetTimeZone(HttpContextBase context) in z:\Builds\work\d1eb156ccc3cb14\src\Orchard\Time\SiteTimeZoneSelector.cs:line 29
2015-02-06 22:30:24,670 [8] Orchard.Time.SiteTimeZoneSelector - Default - TimeZone could not be loaded
 http://ipos.by/products/bi
System.TimeZoneNotFoundException: The time zone ID 'Kaliningrad Standard Time' was not found on the local computer.
   at System.TimeZoneInfo.FindSystemTimeZoneById(String id)
   at Orchard.Time.SiteTimeZoneSelector.GetTimeZone(HttpContextBase context) in z:\Builds\work\d1eb156ccc3cb14\src\Orchard\Time\SiteTimeZoneSelector.cs:line 29
2015-02-06 22:30:54,798 [8] Orchard.Time.SiteTimeZoneSelector - Default - TimeZone could not be loaded
 http://ipos.by/products/hrm
System.TimeZoneNotFoundException: The time zone ID 'Kaliningrad Standard Time' was not found on the local computer.
   at System.TimeZoneInfo.FindSystemTimeZoneById(String id)
   at Orchard.Time.SiteTimeZoneSelector.GetTimeZone(HttpContextBase context) in z:\Builds\work\d1eb156ccc3cb14\src\Orchard\Time\SiteTimeZoneSelector.cs:line 29
2015-02-06 22:31:17,428 [6] Orchard.Time.SiteTimeZoneSelector - Default - TimeZone could not be loaded
 http://ipos.by/products/b2b
System.TimeZoneNotFoundException: The time zone ID 'Kaliningrad Standard Time' was not found on the local computer.
   at System.TimeZoneInfo.FindSystemTimeZoneById(String id)
   at Orchard.Time.SiteTimeZoneSelector.GetTimeZone(HttpContextBase context) in z:\Builds\work\d1eb156ccc3cb14\src\Orchard\Time\SiteTimeZoneSelector.cs:line 29
2015-02-06 22:31:33,902 [8] Orchard.Time.SiteTimeZoneSelector - Default - TimeZone could not be loaded
 http://ipos.by/about
System.TimeZoneNotFoundException: The time zone ID 'Kaliningrad Standard Time' was not found on the local computer.
   at System.TimeZoneInfo.FindSystemTimeZoneById(String id)
   at Orchard.Time.SiteTimeZoneSelector.GetTimeZone(HttpContextBase context) in z:\Builds\work\d1eb156ccc3cb14\src\Orchard\Time\SiteTimeZoneSelector.cs:line 29
2015-02-06 22:32:36,710 [8] Orchard.Time.SiteTimeZoneSelector - Default - TimeZone could not be loaded
 http://ipos.by/clients
System.TimeZoneNotFoundException: The time zone ID 'Kaliningrad Standard Time' was not found on the local computer.
   at System.TimeZoneInfo.FindSystemTimeZoneById(String id)
   at Orchard.Time.SiteTimeZoneSelector.GetTimeZone(HttpContextBase context) in z:\Builds\work\d1eb156ccc3cb14\src\Orchard\Time\SiteTimeZoneSelector.cs:line 29
2015-02-06 22:53:13,347 [7] Orchard.Time.SiteTimeZoneSelector - Default - TimeZone could not be loaded
 http://ipos.by/
System.TimeZoneNotFoundException: The time zone ID 'Kaliningrad Standard Time' was not found on the local computer.
   at System.TimeZoneInfo.FindSystemTimeZoneById(String id)
   at Orchard.Time.SiteTimeZoneSelector.GetTimeZone(HttpContextBase context) in z:\Builds\work\d1eb156ccc3cb14\src\Orchard\Time\SiteTimeZoneSelector.cs:line 29
2015-02-06 23:18:32,876 [6] Orchard.Time.SiteTimeZoneSelector - Default - TimeZone could not be loaded
 http://ipos.by/products/bi
System.TimeZoneNotFoundException: The time zone ID 'Kaliningrad Standard Time' was not found on the local computer.
   at System.TimeZoneInfo.FindSystemTimeZoneById(String id)
   at Orchard.Time.SiteTimeZoneSelector.GetTimeZone(HttpContextBase context) in z:\Builds\work\d1eb156ccc3cb14\src\Orchard\Time\SiteTimeZoneSelector.cs:line 29
2015-02-06 23:21:00,625 [10] Orchard.Time.SiteTimeZoneSelector - Default - TimeZone could not be loaded
 http://ipos.by/about
System.TimeZoneNotFoundException: The time zone ID 'Kaliningrad Standard Time' was not found on the local computer.
   at System.TimeZoneInfo.FindSystemTimeZoneById(String id)
   at Orchard.Time.SiteTimeZoneSelector.GetTimeZone(HttpContextBase context) in z:\Builds\work\d1eb156ccc3cb14\src\Orchard\Time\SiteTimeZoneSelector.cs:line 29
