2015-02-07 00:06:08,172 [18] Orchard.Time.SiteTimeZoneSelector - Default - TimeZone could not be loaded
 http://www.ipos.by/
System.TimeZoneNotFoundException: The time zone ID 'Kaliningrad Standard Time' was not found on the local computer.
   at System.TimeZoneInfo.FindSystemTimeZoneById(String id)
   at Orchard.Time.SiteTimeZoneSelector.GetTimeZone(HttpContextBase context) in z:\Builds\work\d1eb156ccc3cb14\src\Orchard\Time\SiteTimeZoneSelector.cs:line 29
2015-02-07 01:32:17,317 [6] Orchard.Time.SiteTimeZoneSelector - Default - TimeZone could not be loaded
 http://ipos.by/
System.TimeZoneNotFoundException: The time zone ID 'Kaliningrad Standard Time' was not found on the local computer.
   at System.TimeZoneInfo.FindSystemTimeZoneById(String id)
   at Orchard.Time.SiteTimeZoneSelector.GetTimeZone(HttpContextBase context) in z:\Builds\work\d1eb156ccc3cb14\src\Orchard\Time\SiteTimeZoneSelector.cs:line 29
2015-02-07 01:32:24,006 [6] Orchard.Time.SiteTimeZoneSelector - Default - TimeZone could not be loaded
 http://ipos.by/products/bi
System.TimeZoneNotFoundException: The time zone ID 'Kaliningrad Standard Time' was not found on the local computer.
   at System.TimeZoneInfo.FindSystemTimeZoneById(String id)
   at Orchard.Time.SiteTimeZoneSelector.GetTimeZone(HttpContextBase context) in z:\Builds\work\d1eb156ccc3cb14\src\Orchard\Time\SiteTimeZoneSelector.cs:line 29
2015-02-07 01:32:29,170 [7] Orchard.Time.SiteTimeZoneSelector - Default - TimeZone could not be loaded
 http://ipos.by/products/hrm
System.TimeZoneNotFoundException: The time zone ID 'Kaliningrad Standard Time' was not found on the local computer.
   at System.TimeZoneInfo.FindSystemTimeZoneById(String id)
   at Orchard.Time.SiteTimeZoneSelector.GetTimeZone(HttpContextBase context) in z:\Builds\work\d1eb156ccc3cb14\src\Orchard\Time\SiteTimeZoneSelector.cs:line 29
2015-02-07 01:32:31,039 [7] Orchard.Time.SiteTimeZoneSelector - Default - TimeZone could not be loaded
 http://ipos.by/products/b2b
System.TimeZoneNotFoundException: The time zone ID 'Kaliningrad Standard Time' was not found on the local computer.
   at System.TimeZoneInfo.FindSystemTimeZoneById(String id)
   at Orchard.Time.SiteTimeZoneSelector.GetTimeZone(HttpContextBase context) in z:\Builds\work\d1eb156ccc3cb14\src\Orchard\Time\SiteTimeZoneSelector.cs:line 29
2015-02-07 01:32:33,476 [7] Orchard.Time.SiteTimeZoneSelector - Default - TimeZone could not be loaded
 http://ipos.by/products/b2c
System.TimeZoneNotFoundException: The time zone ID 'Kaliningrad Standard Time' was not found on the local computer.
   at System.TimeZoneInfo.FindSystemTimeZoneById(String id)
   at Orchard.Time.SiteTimeZoneSelector.GetTimeZone(HttpContextBase context) in z:\Builds\work\d1eb156ccc3cb14\src\Orchard\Time\SiteTimeZoneSelector.cs:line 29
2015-02-07 01:32:35,775 [6] Orchard.Time.SiteTimeZoneSelector - Default - TimeZone could not be loaded
 http://ipos.by/about
System.TimeZoneNotFoundException: The time zone ID 'Kaliningrad Standard Time' was not found on the local computer.
   at System.TimeZoneInfo.FindSystemTimeZoneById(String id)
   at Orchard.Time.SiteTimeZoneSelector.GetTimeZone(HttpContextBase context) in z:\Builds\work\d1eb156ccc3cb14\src\Orchard\Time\SiteTimeZoneSelector.cs:line 29
2015-02-07 01:32:38,682 [6] Orchard.Time.SiteTimeZoneSelector - Default - TimeZone could not be loaded
 http://ipos.by/clients
System.TimeZoneNotFoundException: The time zone ID 'Kaliningrad Standard Time' was not found on the local computer.
   at System.TimeZoneInfo.FindSystemTimeZoneById(String id)
   at Orchard.Time.SiteTimeZoneSelector.GetTimeZone(HttpContextBase context) in z:\Builds\work\d1eb156ccc3cb14\src\Orchard\Time\SiteTimeZoneSelector.cs:line 29
2015-02-07 01:38:36,021 [7] Orchard.Time.SiteTimeZoneSelector - Default - TimeZone could not be loaded
 http://www.ipos.by/
System.TimeZoneNotFoundException: The time zone ID 'Kaliningrad Standard Time' was not found on the local computer.
   at System.TimeZoneInfo.FindSystemTimeZoneById(String id)
   at Orchard.Time.SiteTimeZoneSelector.GetTimeZone(HttpContextBase context) in z:\Builds\work\d1eb156ccc3cb14\src\Orchard\Time\SiteTimeZoneSelector.cs:line 29
2015-02-07 01:39:28,180 [15] Orchard.Time.SiteTimeZoneSelector - Default - TimeZone could not be loaded
 http://www.ipos.by/products/hrm
System.TimeZoneNotFoundException: The time zone ID 'Kaliningrad Standard Time' was not found on the local computer.
   at System.TimeZoneInfo.FindSystemTimeZoneById(String id)
   at Orchard.Time.SiteTimeZoneSelector.GetTimeZone(HttpContextBase context) in z:\Builds\work\d1eb156ccc3cb14\src\Orchard\Time\SiteTimeZoneSelector.cs:line 29
2015-02-07 01:39:38,796 [7] Orchard.Time.SiteTimeZoneSelector - Default - TimeZone could not be loaded
 http://www.ipos.by/products/b2b
System.TimeZoneNotFoundException: The time zone ID 'Kaliningrad Standard Time' was not found on the local computer.
   at System.TimeZoneInfo.FindSystemTimeZoneById(String id)
   at Orchard.Time.SiteTimeZoneSelector.GetTimeZone(HttpContextBase context) in z:\Builds\work\d1eb156ccc3cb14\src\Orchard\Time\SiteTimeZoneSelector.cs:line 29
2015-02-07 01:39:47,688 [7] Orchard.Time.SiteTimeZoneSelector - Default - TimeZone could not be loaded
 http://www.ipos.by/products/bi
System.TimeZoneNotFoundException: The time zone ID 'Kaliningrad Standard Time' was not found on the local computer.
   at System.TimeZoneInfo.FindSystemTimeZoneById(String id)
   at Orchard.Time.SiteTimeZoneSelector.GetTimeZone(HttpContextBase context) in z:\Builds\work\d1eb156ccc3cb14\src\Orchard\Time\SiteTimeZoneSelector.cs:line 29
2015-02-07 01:39:48,563 [14] Orchard.Time.SiteTimeZoneSelector - Default - TimeZone could not be loaded
 http://www.ipos.by/about
System.TimeZoneNotFoundException: The time zone ID 'Kaliningrad Standard Time' was not found on the local computer.
   at System.TimeZoneInfo.FindSystemTimeZoneById(String id)
   at Orchard.Time.SiteTimeZoneSelector.GetTimeZone(HttpContextBase context) in z:\Builds\work\d1eb156ccc3cb14\src\Orchard\Time\SiteTimeZoneSelector.cs:line 29
2015-02-07 01:39:53,357 [15] Orchard.Time.SiteTimeZoneSelector - Default - TimeZone could not be loaded
 http://www.ipos.by/products/b2c
System.TimeZoneNotFoundException: The time zone ID 'Kaliningrad Standard Time' was not found on the local computer.
   at System.TimeZoneInfo.FindSystemTimeZoneById(String id)
   at Orchard.Time.SiteTimeZoneSelector.GetTimeZone(HttpContextBase context) in z:\Builds\work\d1eb156ccc3cb14\src\Orchard\Time\SiteTimeZoneSelector.cs:line 29
2015-02-07 01:41:33,165 [12] Orchard.Time.SiteTimeZoneSelector - Default - TimeZone could not be loaded
 http://www.ipos.by/clients
System.TimeZoneNotFoundException: The time zone ID 'Kaliningrad Standard Time' was not found on the local computer.
   at System.TimeZoneInfo.FindSystemTimeZoneById(String id)
   at Orchard.Time.SiteTimeZoneSelector.GetTimeZone(HttpContextBase context) in z:\Builds\work\d1eb156ccc3cb14\src\Orchard\Time\SiteTimeZoneSelector.cs:line 29
2015-02-07 02:56:20,100 [7] Orchard.Time.SiteTimeZoneSelector - Default - TimeZone could not be loaded
 http://www.ipos.by/products/bi
System.TimeZoneNotFoundException: The time zone ID 'Kaliningrad Standard Time' was not found on the local computer.
   at System.TimeZoneInfo.FindSystemTimeZoneById(String id)
   at Orchard.Time.SiteTimeZoneSelector.GetTimeZone(HttpContextBase context) in z:\Builds\work\d1eb156ccc3cb14\src\Orchard\Time\SiteTimeZoneSelector.cs:line 29
2015-02-07 03:01:37,500 [8] Orchard.Time.SiteTimeZoneSelector - Default - TimeZone could not be loaded
 http://www.ipos.by/products/hrm
System.TimeZoneNotFoundException: The time zone ID 'Kaliningrad Standard Time' was not found on the local computer.
   at System.TimeZoneInfo.FindSystemTimeZoneById(String id)
   at Orchard.Time.SiteTimeZoneSelector.GetTimeZone(HttpContextBase context) in z:\Builds\work\d1eb156ccc3cb14\src\Orchard\Time\SiteTimeZoneSelector.cs:line 29
2015-02-07 03:04:29,301 [12] Orchard.Time.SiteTimeZoneSelector - Default - TimeZone could not be loaded
 http://www.ipos.by/products/b2b
System.TimeZoneNotFoundException: The time zone ID 'Kaliningrad Standard Time' was not found on the local computer.
   at System.TimeZoneInfo.FindSystemTimeZoneById(String id)
   at Orchard.Time.SiteTimeZoneSelector.GetTimeZone(HttpContextBase context) in z:\Builds\work\d1eb156ccc3cb14\src\Orchard\Time\SiteTimeZoneSelector.cs:line 29
2015-02-07 03:10:17,769 [10] Orchard.Time.SiteTimeZoneSelector - Default - TimeZone could not be loaded
 http://www.ipos.by/products/b2c
System.TimeZoneNotFoundException: The time zone ID 'Kaliningrad Standard Time' was not found on the local computer.
   at System.TimeZoneInfo.FindSystemTimeZoneById(String id)
   at Orchard.Time.SiteTimeZoneSelector.GetTimeZone(HttpContextBase context) in z:\Builds\work\d1eb156ccc3cb14\src\Orchard\Time\SiteTimeZoneSelector.cs:line 29
2015-02-07 05:57:51,342 [7] Orchard.Time.SiteTimeZoneSelector - Default - TimeZone could not be loaded
 http://www.ipos.by/
System.TimeZoneNotFoundException: The time zone ID 'Kaliningrad Standard Time' was not found on the local computer.
   at System.TimeZoneInfo.FindSystemTimeZoneById(String id)
   at Orchard.Time.SiteTimeZoneSelector.GetTimeZone(HttpContextBase context) in z:\Builds\work\d1eb156ccc3cb14\src\Orchard\Time\SiteTimeZoneSelector.cs:line 29
2015-02-07 09:12:49,601 [12] Orchard.Time.SiteTimeZoneSelector - Default - TimeZone could not be loaded
 http://ipos.by/products/hrm
System.TimeZoneNotFoundException: The time zone ID 'Kaliningrad Standard Time' was not found on the local computer.
   at System.TimeZoneInfo.FindSystemTimeZoneById(String id)
   at Orchard.Time.SiteTimeZoneSelector.GetTimeZone(HttpContextBase context) in z:\Builds\work\d1eb156ccc3cb14\src\Orchard\Time\SiteTimeZoneSelector.cs:line 29
2015-02-07 09:22:47,053 [15] Orchard.Time.SiteTimeZoneSelector - Default - TimeZone could not be loaded
 http://ipos.by/products/b2b
System.TimeZoneNotFoundException: The time zone ID 'Kaliningrad Standard Time' was not found on the local computer.
   at System.TimeZoneInfo.FindSystemTimeZoneById(String id)
   at Orchard.Time.SiteTimeZoneSelector.GetTimeZone(HttpContextBase context) in z:\Builds\work\d1eb156ccc3cb14\src\Orchard\Time\SiteTimeZoneSelector.cs:line 29
2015-02-07 09:32:49,279 [15] Orchard.Time.SiteTimeZoneSelector - Default - TimeZone could not be loaded
 http://ipos.by/products/b2c
System.TimeZoneNotFoundException: The time zone ID 'Kaliningrad Standard Time' was not found on the local computer.
   at System.TimeZoneInfo.FindSystemTimeZoneById(String id)
   at Orchard.Time.SiteTimeZoneSelector.GetTimeZone(HttpContextBase context) in z:\Builds\work\d1eb156ccc3cb14\src\Orchard\Time\SiteTimeZoneSelector.cs:line 29
2015-02-07 09:44:55,690 [15] Orchard.Time.SiteTimeZoneSelector - Default - TimeZone could not be loaded
 http://ipos.by/
System.TimeZoneNotFoundException: The time zone ID 'Kaliningrad Standard Time' was not found on the local computer.
   at System.TimeZoneInfo.FindSystemTimeZoneById(String id)
   at Orchard.Time.SiteTimeZoneSelector.GetTimeZone(HttpContextBase context) in z:\Builds\work\d1eb156ccc3cb14\src\Orchard\Time\SiteTimeZoneSelector.cs:line 29
2015-02-07 09:44:56,439 [12] Orchard.Time.SiteTimeZoneSelector - Default - TimeZone could not be loaded
 http://ipos.by/products/b2c
System.TimeZoneNotFoundException: The time zone ID 'Kaliningrad Standard Time' was not found on the local computer.
   at System.TimeZoneInfo.FindSystemTimeZoneById(String id)
   at Orchard.Time.SiteTimeZoneSelector.GetTimeZone(HttpContextBase context) in z:\Builds\work\d1eb156ccc3cb14\src\Orchard\Time\SiteTimeZoneSelector.cs:line 29
2015-02-07 09:44:56,857 [15] Orchard.Time.SiteTimeZoneSelector - Default - TimeZone could not be loaded
 http://ipos.by/products/b2b
System.TimeZoneNotFoundException: The time zone ID 'Kaliningrad Standard Time' was not found on the local computer.
   at System.TimeZoneInfo.FindSystemTimeZoneById(String id)
   at Orchard.Time.SiteTimeZoneSelector.GetTimeZone(HttpContextBase context) in z:\Builds\work\d1eb156ccc3cb14\src\Orchard\Time\SiteTimeZoneSelector.cs:line 29
2015-02-07 09:44:57,201 [11] Orchard.Time.SiteTimeZoneSelector - Default - TimeZone could not be loaded
 http://ipos.by/products/hrm
System.TimeZoneNotFoundException: The time zone ID 'Kaliningrad Standard Time' was not found on the local computer.
   at System.TimeZoneInfo.FindSystemTimeZoneById(String id)
   at Orchard.Time.SiteTimeZoneSelector.GetTimeZone(HttpContextBase context) in z:\Builds\work\d1eb156ccc3cb14\src\Orchard\Time\SiteTimeZoneSelector.cs:line 29
2015-02-07 09:44:57,539 [15] Orchard.Time.SiteTimeZoneSelector - Default - TimeZone could not be loaded
 http://ipos.by/products/bi
System.TimeZoneNotFoundException: The time zone ID 'Kaliningrad Standard Time' was not found on the local computer.
   at System.TimeZoneInfo.FindSystemTimeZoneById(String id)
   at Orchard.Time.SiteTimeZoneSelector.GetTimeZone(HttpContextBase context) in z:\Builds\work\d1eb156ccc3cb14\src\Orchard\Time\SiteTimeZoneSelector.cs:line 29
2015-02-07 09:44:57,870 [11] Orchard.Time.SiteTimeZoneSelector - Default - TimeZone could not be loaded
 http://ipos.by/about
System.TimeZoneNotFoundException: The time zone ID 'Kaliningrad Standard Time' was not found on the local computer.
   at System.TimeZoneInfo.FindSystemTimeZoneById(String id)
   at Orchard.Time.SiteTimeZoneSelector.GetTimeZone(HttpContextBase context) in z:\Builds\work\d1eb156ccc3cb14\src\Orchard\Time\SiteTimeZoneSelector.cs:line 29
2015-02-07 09:44:58,313 [12] Orchard.Time.SiteTimeZoneSelector - Default - TimeZone could not be loaded
 http://ipos.by/clients
System.TimeZoneNotFoundException: The time zone ID 'Kaliningrad Standard Time' was not found on the local computer.
   at System.TimeZoneInfo.FindSystemTimeZoneById(String id)
   at Orchard.Time.SiteTimeZoneSelector.GetTimeZone(HttpContextBase context) in z:\Builds\work\d1eb156ccc3cb14\src\Orchard\Time\SiteTimeZoneSelector.cs:line 29
2015-02-07 10:06:17,288 [6] Orchard.Time.SiteTimeZoneSelector - Default - TimeZone could not be loaded
 http://ipos.by/
System.TimeZoneNotFoundException: The time zone ID 'Kaliningrad Standard Time' was not found on the local computer.
   at System.TimeZoneInfo.FindSystemTimeZoneById(String id)
   at Orchard.Time.SiteTimeZoneSelector.GetTimeZone(HttpContextBase context) in z:\Builds\work\d1eb156ccc3cb14\src\Orchard\Time\SiteTimeZoneSelector.cs:line 29
2015-02-07 11:59:07,800 [6] Orchard.Time.SiteTimeZoneSelector - Default - TimeZone could not be loaded
 http://ipos.by/products/bi
System.TimeZoneNotFoundException: The time zone ID 'Kaliningrad Standard Time' was not found on the local computer.
   at System.TimeZoneInfo.FindSystemTimeZoneById(String id)
   at Orchard.Time.SiteTimeZoneSelector.GetTimeZone(HttpContextBase context) in z:\Builds\work\d1eb156ccc3cb14\src\Orchard\Time\SiteTimeZoneSelector.cs:line 29
2015-02-07 12:18:10,367 [10] Orchard.Time.SiteTimeZoneSelector - Default - TimeZone could not be loaded
 http://www.ipos.by/
System.TimeZoneNotFoundException: The time zone ID 'Kaliningrad Standard Time' was not found on the local computer.
   at System.TimeZoneInfo.FindSystemTimeZoneById(String id)
   at Orchard.Time.SiteTimeZoneSelector.GetTimeZone(HttpContextBase context) in z:\Builds\work\d1eb156ccc3cb14\src\Orchard\Time\SiteTimeZoneSelector.cs:line 29
2015-02-07 13:21:05,514 [6] Orchard.Time.SiteTimeZoneSelector - Default - TimeZone could not be loaded
 http://ipos.by/products/hrm
System.TimeZoneNotFoundException: The time zone ID 'Kaliningrad Standard Time' was not found on the local computer.
   at System.TimeZoneInfo.FindSystemTimeZoneById(String id)
   at Orchard.Time.SiteTimeZoneSelector.GetTimeZone(HttpContextBase context) in z:\Builds\work\d1eb156ccc3cb14\src\Orchard\Time\SiteTimeZoneSelector.cs:line 29
2015-02-07 13:24:39,737 [11] Orchard.Time.SiteTimeZoneSelector - Default - TimeZone could not be loaded
 http://www.ipos.by/
System.TimeZoneNotFoundException: The time zone ID 'Kaliningrad Standard Time' was not found on the local computer.
   at System.TimeZoneInfo.FindSystemTimeZoneById(String id)
   at Orchard.Time.SiteTimeZoneSelector.GetTimeZone(HttpContextBase context) in z:\Builds\work\d1eb156ccc3cb14\src\Orchard\Time\SiteTimeZoneSelector.cs:line 29
2015-02-07 13:45:23,034 [6] Orchard.Time.SiteTimeZoneSelector - Default - TimeZone could not be loaded
 http://www.ipos.by/
System.TimeZoneNotFoundException: The time zone ID 'Kaliningrad Standard Time' was not found on the local computer.
   at System.TimeZoneInfo.FindSystemTimeZoneById(String id)
   at Orchard.Time.SiteTimeZoneSelector.GetTimeZone(HttpContextBase context) in z:\Builds\work\d1eb156ccc3cb14\src\Orchard\Time\SiteTimeZoneSelector.cs:line 29
2015-02-07 14:37:42,041 [8] Orchard.Time.SiteTimeZoneSelector - Default - TimeZone could not be loaded
 http://ipos.by/products/b2b
System.TimeZoneNotFoundException: The time zone ID 'Kaliningrad Standard Time' was not found on the local computer.
   at System.TimeZoneInfo.FindSystemTimeZoneById(String id)
   at Orchard.Time.SiteTimeZoneSelector.GetTimeZone(HttpContextBase context) in z:\Builds\work\d1eb156ccc3cb14\src\Orchard\Time\SiteTimeZoneSelector.cs:line 29
2015-02-07 16:00:48,622 [6] Orchard.Time.SiteTimeZoneSelector - Default - TimeZone could not be loaded
 http://ipos.by/products/b2c
System.TimeZoneNotFoundException: The time zone ID 'Kaliningrad Standard Time' was not found on the local computer.
   at System.TimeZoneInfo.FindSystemTimeZoneById(String id)
   at Orchard.Time.SiteTimeZoneSelector.GetTimeZone(HttpContextBase context) in z:\Builds\work\d1eb156ccc3cb14\src\Orchard\Time\SiteTimeZoneSelector.cs:line 29
2015-02-07 17:16:11,293 [7] Orchard.Time.SiteTimeZoneSelector - Default - TimeZone could not be loaded
 http://ipos.by/about
System.TimeZoneNotFoundException: The time zone ID 'Kaliningrad Standard Time' was not found on the local computer.
   at System.TimeZoneInfo.FindSystemTimeZoneById(String id)
   at Orchard.Time.SiteTimeZoneSelector.GetTimeZone(HttpContextBase context) in z:\Builds\work\d1eb156ccc3cb14\src\Orchard\Time\SiteTimeZoneSelector.cs:line 29
2015-02-07 18:47:43,650 [6] Orchard.Time.SiteTimeZoneSelector - Default - TimeZone could not be loaded
 http://ipos.by/
System.TimeZoneNotFoundException: The time zone ID 'Kaliningrad Standard Time' was not found on the local computer.
   at System.TimeZoneInfo.FindSystemTimeZoneById(String id)
   at Orchard.Time.SiteTimeZoneSelector.GetTimeZone(HttpContextBase context) in z:\Builds\work\d1eb156ccc3cb14\src\Orchard\Time\SiteTimeZoneSelector.cs:line 29
2015-02-07 18:55:09,224 [12] Orchard.Time.SiteTimeZoneSelector - Default - TimeZone could not be loaded
 http://ipos.by/
System.TimeZoneNotFoundException: The time zone ID 'Kaliningrad Standard Time' was not found on the local computer.
   at System.TimeZoneInfo.FindSystemTimeZoneById(String id)
   at Orchard.Time.SiteTimeZoneSelector.GetTimeZone(HttpContextBase context) in z:\Builds\work\d1eb156ccc3cb14\src\Orchard\Time\SiteTimeZoneSelector.cs:line 29
2015-02-07 20:12:23,491 [7] Orchard.Time.SiteTimeZoneSelector - Default - TimeZone could not be loaded
 http://www.ipos.by/
System.TimeZoneNotFoundException: The time zone ID 'Kaliningrad Standard Time' was not found on the local computer.
   at System.TimeZoneInfo.FindSystemTimeZoneById(String id)
   at Orchard.Time.SiteTimeZoneSelector.GetTimeZone(HttpContextBase context) in z:\Builds\work\d1eb156ccc3cb14\src\Orchard\Time\SiteTimeZoneSelector.cs:line 29
2015-02-07 21:58:52,428 [8] Orchard.Time.SiteTimeZoneSelector - Default - TimeZone could not be loaded
 http://ipos.by/
System.TimeZoneNotFoundException: The time zone ID 'Kaliningrad Standard Time' was not found on the local computer.
   at System.TimeZoneInfo.FindSystemTimeZoneById(String id)
   at Orchard.Time.SiteTimeZoneSelector.GetTimeZone(HttpContextBase context) in z:\Builds\work\d1eb156ccc3cb14\src\Orchard\Time\SiteTimeZoneSelector.cs:line 29
