2015-02-08 00:06:50,180 [6] Orchard.Time.SiteTimeZoneSelector - Default - TimeZone could not be loaded
 http://www.ipos.by/products/b2c
System.TimeZoneNotFoundException: The time zone ID 'Kaliningrad Standard Time' was not found on the local computer.
   at System.TimeZoneInfo.FindSystemTimeZoneById(String id)
   at Orchard.Time.SiteTimeZoneSelector.GetTimeZone(HttpContextBase context) in z:\Builds\work\d1eb156ccc3cb14\src\Orchard\Time\SiteTimeZoneSelector.cs:line 29
2015-02-08 00:09:02,082 [6] Orchard.Time.SiteTimeZoneSelector - Default - TimeZone could not be loaded
 http://www.ipos.by/about
System.TimeZoneNotFoundException: The time zone ID 'Kaliningrad Standard Time' was not found on the local computer.
   at System.TimeZoneInfo.FindSystemTimeZoneById(String id)
   at Orchard.Time.SiteTimeZoneSelector.GetTimeZone(HttpContextBase context) in z:\Builds\work\d1eb156ccc3cb14\src\Orchard\Time\SiteTimeZoneSelector.cs:line 29
2015-02-08 00:52:53,078 [12] Orchard.Time.SiteTimeZoneSelector - Default - TimeZone could not be loaded
 http://ipos.by/
System.TimeZoneNotFoundException: The time zone ID 'Kaliningrad Standard Time' was not found on the local computer.
   at System.TimeZoneInfo.FindSystemTimeZoneById(String id)
   at Orchard.Time.SiteTimeZoneSelector.GetTimeZone(HttpContextBase context) in z:\Builds\work\d1eb156ccc3cb14\src\Orchard\Time\SiteTimeZoneSelector.cs:line 29
2015-02-08 01:04:43,482 [16] Orchard.Time.SiteTimeZoneSelector - Default - TimeZone could not be loaded
 http://www.ipos.by/products/bi
System.TimeZoneNotFoundException: The time zone ID 'Kaliningrad Standard Time' was not found on the local computer.
   at System.TimeZoneInfo.FindSystemTimeZoneById(String id)
   at Orchard.Time.SiteTimeZoneSelector.GetTimeZone(HttpContextBase context) in z:\Builds\work\d1eb156ccc3cb14\src\Orchard\Time\SiteTimeZoneSelector.cs:line 29
2015-02-08 01:23:38,808 [12] Orchard.Time.SiteTimeZoneSelector - Default - TimeZone could not be loaded
 http://ipos.by/
System.TimeZoneNotFoundException: The time zone ID 'Kaliningrad Standard Time' was not found on the local computer.
   at System.TimeZoneInfo.FindSystemTimeZoneById(String id)
   at Orchard.Time.SiteTimeZoneSelector.GetTimeZone(HttpContextBase context) in z:\Builds\work\d1eb156ccc3cb14\src\Orchard\Time\SiteTimeZoneSelector.cs:line 29
2015-02-08 01:24:34,719 [16] Orchard.Time.SiteTimeZoneSelector - Default - TimeZone could not be loaded
 http://ipos.by/products/bi
System.TimeZoneNotFoundException: The time zone ID 'Kaliningrad Standard Time' was not found on the local computer.
   at System.TimeZoneInfo.FindSystemTimeZoneById(String id)
   at Orchard.Time.SiteTimeZoneSelector.GetTimeZone(HttpContextBase context) in z:\Builds\work\d1eb156ccc3cb14\src\Orchard\Time\SiteTimeZoneSelector.cs:line 29
2015-02-08 01:46:13,651 [6] Orchard.Time.SiteTimeZoneSelector - Default - TimeZone could not be loaded
 http://www.ipos.by/products/b2b
System.TimeZoneNotFoundException: The time zone ID 'Kaliningrad Standard Time' was not found on the local computer.
   at System.TimeZoneInfo.FindSystemTimeZoneById(String id)
   at Orchard.Time.SiteTimeZoneSelector.GetTimeZone(HttpContextBase context) in z:\Builds\work\d1eb156ccc3cb14\src\Orchard\Time\SiteTimeZoneSelector.cs:line 29
2015-02-08 05:52:16,236 [6] Orchard.Time.SiteTimeZoneSelector - Default - TimeZone could not be loaded
 http://www.ipos.by/
System.TimeZoneNotFoundException: The time zone ID 'Kaliningrad Standard Time' was not found on the local computer.
   at System.TimeZoneInfo.FindSystemTimeZoneById(String id)
   at Orchard.Time.SiteTimeZoneSelector.GetTimeZone(HttpContextBase context) in z:\Builds\work\d1eb156ccc3cb14\src\Orchard\Time\SiteTimeZoneSelector.cs:line 29
2015-02-08 08:12:00,037 [8] Orchard.Time.SiteTimeZoneSelector - Default - TimeZone could not be loaded
 http://ipos.by/
System.TimeZoneNotFoundException: The time zone ID 'Kaliningrad Standard Time' was not found on the local computer.
   at System.TimeZoneInfo.FindSystemTimeZoneById(String id)
   at Orchard.Time.SiteTimeZoneSelector.GetTimeZone(HttpContextBase context) in z:\Builds\work\d1eb156ccc3cb14\src\Orchard\Time\SiteTimeZoneSelector.cs:line 29
2015-02-08 08:12:00,094 [6] Orchard.Time.SiteTimeZoneSelector - Default - TimeZone could not be loaded
 http://ipos.by/
System.TimeZoneNotFoundException: The time zone ID 'Kaliningrad Standard Time' was not found on the local computer.
   at System.TimeZoneInfo.FindSystemTimeZoneById(String id)
   at Orchard.Time.SiteTimeZoneSelector.GetTimeZone(HttpContextBase context) in z:\Builds\work\d1eb156ccc3cb14\src\Orchard\Time\SiteTimeZoneSelector.cs:line 29
2015-02-08 09:42:23,148 [7] Orchard.Time.SiteTimeZoneSelector - Default - TimeZone could not be loaded
 http://www.ipos.by/products/hrm
System.TimeZoneNotFoundException: The time zone ID 'Kaliningrad Standard Time' was not found on the local computer.
   at System.TimeZoneInfo.FindSystemTimeZoneById(String id)
   at Orchard.Time.SiteTimeZoneSelector.GetTimeZone(HttpContextBase context) in z:\Builds\work\d1eb156ccc3cb14\src\Orchard\Time\SiteTimeZoneSelector.cs:line 29
2015-02-08 12:00:57,174 [8] Orchard.Time.SiteTimeZoneSelector - Default - TimeZone could not be loaded
 http://ipos.by/
System.TimeZoneNotFoundException: The time zone ID 'Kaliningrad Standard Time' was not found on the local computer.
   at System.TimeZoneInfo.FindSystemTimeZoneById(String id)
   at Orchard.Time.SiteTimeZoneSelector.GetTimeZone(HttpContextBase context) in z:\Builds\work\d1eb156ccc3cb14\src\Orchard\Time\SiteTimeZoneSelector.cs:line 29
2015-02-08 12:19:59,371 [14] Orchard.Time.SiteTimeZoneSelector - Default - TimeZone could not be loaded
 http://ipos.by/
System.TimeZoneNotFoundException: The time zone ID 'Kaliningrad Standard Time' was not found on the local computer.
   at System.TimeZoneInfo.FindSystemTimeZoneById(String id)
   at Orchard.Time.SiteTimeZoneSelector.GetTimeZone(HttpContextBase context) in z:\Builds\work\d1eb156ccc3cb14\src\Orchard\Time\SiteTimeZoneSelector.cs:line 29
2015-02-08 13:35:14,011 [6] Orchard.Time.SiteTimeZoneSelector - Default - TimeZone could not be loaded
 http://www.ipos.by/
System.TimeZoneNotFoundException: The time zone ID 'Kaliningrad Standard Time' was not found on the local computer.
   at System.TimeZoneInfo.FindSystemTimeZoneById(String id)
   at Orchard.Time.SiteTimeZoneSelector.GetTimeZone(HttpContextBase context) in z:\Builds\work\d1eb156ccc3cb14\src\Orchard\Time\SiteTimeZoneSelector.cs:line 29
2015-02-08 15:47:07,071 [10] Orchard.Time.SiteTimeZoneSelector - Default - TimeZone could not be loaded
 http://www.ipos.by/
System.TimeZoneNotFoundException: The time zone ID 'Kaliningrad Standard Time' was not found on the local computer.
   at System.TimeZoneInfo.FindSystemTimeZoneById(String id)
   at Orchard.Time.SiteTimeZoneSelector.GetTimeZone(HttpContextBase context) in z:\Builds\work\d1eb156ccc3cb14\src\Orchard\Time\SiteTimeZoneSelector.cs:line 29
2015-02-08 19:51:21,425 [7] Orchard.Time.SiteTimeZoneSelector - Default - TimeZone could not be loaded
 http://ipos.by/
System.TimeZoneNotFoundException: The time zone ID 'Kaliningrad Standard Time' was not found on the local computer.
   at System.TimeZoneInfo.FindSystemTimeZoneById(String id)
   at Orchard.Time.SiteTimeZoneSelector.GetTimeZone(HttpContextBase context) in z:\Builds\work\d1eb156ccc3cb14\src\Orchard\Time\SiteTimeZoneSelector.cs:line 29
2015-02-08 21:18:07,358 [6] Orchard.Time.SiteTimeZoneSelector - Default - TimeZone could not be loaded
 http://ipos.by/
System.TimeZoneNotFoundException: The time zone ID 'Kaliningrad Standard Time' was not found on the local computer.
   at System.TimeZoneInfo.FindSystemTimeZoneById(String id)
   at Orchard.Time.SiteTimeZoneSelector.GetTimeZone(HttpContextBase context) in z:\Builds\work\d1eb156ccc3cb14\src\Orchard\Time\SiteTimeZoneSelector.cs:line 29
2015-02-08 21:41:10,706 [12] Orchard.Time.SiteTimeZoneSelector - Default - TimeZone could not be loaded
 http://www.ipos.by/
System.TimeZoneNotFoundException: The time zone ID 'Kaliningrad Standard Time' was not found on the local computer.
   at System.TimeZoneInfo.FindSystemTimeZoneById(String id)
   at Orchard.Time.SiteTimeZoneSelector.GetTimeZone(HttpContextBase context) in z:\Builds\work\d1eb156ccc3cb14\src\Orchard\Time\SiteTimeZoneSelector.cs:line 29
2015-02-08 23:35:12,566 [13] Orchard.Time.SiteTimeZoneSelector - Default - TimeZone could not be loaded
 http://ipos.by/
System.TimeZoneNotFoundException: The time zone ID 'Kaliningrad Standard Time' was not found on the local computer.
   at System.TimeZoneInfo.FindSystemTimeZoneById(String id)
   at Orchard.Time.SiteTimeZoneSelector.GetTimeZone(HttpContextBase context) in z:\Builds\work\d1eb156ccc3cb14\src\Orchard\Time\SiteTimeZoneSelector.cs:line 29
